e:\workstation\project\yaqiang3.0\keycastow-master\x64\release\vc141.pdb
e:\workstation\project\yaqiang3.0\keycastow-master\x64\release\cjson.obj
e:\workstation\project\yaqiang3.0\keycastow-master\x64\release\keylog.obj
e:\workstation\project\yaqiang3.0\keycastow-master\x64\release\keycast.obj
e:\workstation\project\yaqiang3.0\keycastow-master\x64\release\贼鸡霸3.6.exe
e:\workstation\project\yaqiang3.0\keycastow-master\x64\release\贼鸡霸3.6.pdb
e:\workstation\project\yaqiang3.0\keycastow-master\x64\release\tct.res
e:\workstation\project\yaqiang3.0\keycastow-master\x64\release\贼鸡霸3.6.ipdb
e:\workstation\project\yaqiang3.0\keycastow-master\x64\release\贼鸡霸3.6.iobj
e:\workstation\project\yaqiang3.0\keycastow-master\x64\release\贼鸡霸3.5.ipdb
e:\workstation\project\yaqiang3.0\keycastow-master\x64\release\贼鸡霸3.5.iobj
e:\workstation\project\yaqiang3.0\keycastow-master\x64\release\keycastow.res
e:\workstation\project\yaqiang3.0\keycastow-master\x64\release\vc140.pdb
e:\workstation\project\yaqiang3.0\keycastow-master\x64\release\贼鸡霸3.5.pdb
e:\workstation\project\yaqiang3.0\keycastow-master\x64\release\tct.tlog\cl.command.1.tlog
e:\workstation\project\yaqiang3.0\keycastow-master\x64\release\tct.tlog\cl.read.1.tlog
e:\workstation\project\yaqiang3.0\keycastow-master\x64\release\tct.tlog\cl.write.1.tlog
e:\workstation\project\yaqiang3.0\keycastow-master\x64\release\tct.tlog\link.command.1.tlog
e:\workstation\project\yaqiang3.0\keycastow-master\x64\release\tct.tlog\link.read.1.tlog
e:\workstation\project\yaqiang3.0\keycastow-master\x64\release\tct.tlog\link.write.1.tlog
e:\workstation\project\yaqiang3.0\keycastow-master\x64\release\tct.tlog\rc.command.1.tlog
e:\workstation\project\yaqiang3.0\keycastow-master\x64\release\tct.tlog\rc.read.1.tlog
e:\workstation\project\yaqiang3.0\keycastow-master\x64\release\tct.tlog\rc.write.1.tlog
e:\workstation\project\yaqiang3.0\keycastow-master\x64\release\tct.tlog\tct.write.1u.tlog
