e:\workstation\project\yaqiang3.0\keycastow-master\debug\vc140.pdb
e:\workstation\project\yaqiang3.0\keycastow-master\debug\vc140.idb
e:\workstation\project\yaqiang3.0\keycastow-master\debug\cjson.obj
e:\workstation\project\yaqiang3.0\keycastow-master\debug\keycast.obj
e:\workstation\project\yaqiang3.0\keycastow-master\debug\keylog.obj
e:\workstation\project\yaqiang3.0\keycastow-master\debug\贼鸡霸3.3.ilk
e:\workstation\project\yaqiang3.0\keycastow-master\debug\贼鸡霸3.3.exe
e:\workstation\project\yaqiang3.0\keycastow-master\debug\贼鸡霸3.3.pdb
e:\workstation\project\yaqiang3.0\keycastow-master\debug\keycastow.res
e:\workstation\project\yaqiang3.0\keycastow-master\debug\贼鸡霸3.3.exe.embed.manifest.res
e:\workstation\project\yaqiang3.0\keycastow-master\debug\贼鸡霸3.3.exe.embed.manifest
e:\workstation\project\yaqiang3.0\keycastow-master\debug\贼鸡霸3.3_manifest.rc
e:\workstation\project\yaqiang3.0\keycastow-master\debug\keycastow.tlog\cl.command.1.tlog
e:\workstation\project\yaqiang3.0\keycastow-master\debug\keycastow.tlog\cl.read.1.tlog
e:\workstation\project\yaqiang3.0\keycastow-master\debug\keycastow.tlog\cl.write.1.tlog
e:\workstation\project\yaqiang3.0\keycastow-master\debug\keycastow.tlog\link.command.1.tlog
e:\workstation\project\yaqiang3.0\keycastow-master\debug\keycastow.tlog\link.read.1.tlog
e:\workstation\project\yaqiang3.0\keycastow-master\debug\keycastow.tlog\link.write.1.tlog
e:\workstation\project\yaqiang3.0\keycastow-master\debug\keycastow.tlog\rc.command.1.tlog
e:\workstation\project\yaqiang3.0\keycastow-master\debug\keycastow.tlog\rc.read.1.tlog
e:\workstation\project\yaqiang3.0\keycastow-master\debug\keycastow.tlog\rc.write.1.tlog
